{"level":"info","message":"onRequest - completionItem/resolve","timestamp":"2024-08-26T23:47:18.429Z"}
{"level":"error","message":"âœ˜ Completions for node failed: Error: [Parameter]{280f06} at tomyjerry.wlk:18 exhausted all cases without a match [Parameter]{280f06} at tomyjerry.wlk:18 exhausted all cases without a match","stack":"Error: [Parameter]{280f06} at tomyjerry.wlk:18 exhausted all cases without a match\n    at c:\\Users\\publico\\.vscode\\extensions\\uqbar.wollok-lsp-ide-0.3.3\\node_modules\\wollok-ts\\dist\\extensions.js:85:11\n    at completionsForNode (c:\\Users\\publico\\.vscode\\extensions\\uqbar.wollok-lsp-ide-0.3.3\\server\\out\\functionalities\\autocomplete\\node-completion.js:10:44)\n    at c:\\Users\\publico\\.vscode\\extensions\\uqbar.wollok-lsp-ide-0.3.3\\server\\out\\functionalities\\autocomplete\\autocomplete.js:26:154\n    at c:\\Users\\publico\\.vscode\\extensions\\uqbar.wollok-lsp-ide-0.3.3\\server\\out\\server.js:198:20\n    at c:\\Users\\publico\\.vscode\\extensions\\uqbar.wollok-lsp-ide-0.3.3\\server\\node_modules\\vscode-languageserver\\lib\\common\\server.js:593:20\n    at handleRequest (c:\\Users\\publico\\.vscode\\extensions\\uqbar.wollok-lsp-ide-0.3.3\\server\\node_modules\\vscode-jsonrpc\\lib\\common\\connection.js:493:41)\n    at handleMessage (c:\\Users\\publico\\.vscode\\extensions\\uqbar.wollok-lsp-ide-0.3.3\\server\\node_modules\\vscode-jsonrpc\\lib\\common\\connection.js:339:13)\n    at processMessageQueue (c:\\Users\\publico\\.vscode\\extensions\\uqbar.wollok-lsp-ide-0.3.3\\server\\node_modules\\vscode-jsonrpc\\lib\\common\\connection.js:362:17)\n    at Immediate._onImmediate (c:\\Users\\publico\\.vscode\\extensions\\uqbar.wollok-lsp-ide-0.3.3\\server\\node_modules\\vscode-jsonrpc\\lib\\common\\connection.js:334:13)\n    at process.processImmediate (node:internal/timers:478:21)","timestamp":"2024-08-26T23:47:19.306Z"}
{"level":"info","message":"onRequest - completionItem/resolve","timestamp":"2024-08-26T23:47:19.306Z"}
{"level":"error","message":"âœ˜ Completions for node failed: Error: [Parameter]{280f06} at tomyjerry.wlk:18 exhausted all cases without a match [Parameter]{280f06} at tomyjerry.wlk:18 exhausted all cases without a match","stack":"Error: [Parameter]{280f06} at tomyjerry.wlk:18 exhausted all cases without a match\n    at c:\\Users\\publico\\.vscode\\extensions\\uqbar.wollok-lsp-ide-0.3.3\\node_modules\\wollok-ts\\dist\\extensions.js:85:11\n    at completionsForNode (c:\\Users\\publico\\.vscode\\extensions\\uqbar.wollok-lsp-ide-0.3.3\\server\\out\\functionalities\\autocomplete\\node-completion.js:10:44)\n    at c:\\Users\\publico\\.vscode\\extensions\\uqbar.wollok-lsp-ide-0.3.3\\server\\out\\functionalities\\autocomplete\\autocomplete.js:26:154\n    at c:\\Users\\publico\\.vscode\\extensions\\uqbar.wollok-lsp-ide-0.3.3\\server\\out\\server.js:198:20\n    at c:\\Users\\publico\\.vscode\\extensions\\uqbar.wollok-lsp-ide-0.3.3\\server\\node_modules\\vscode-languageserver\\lib\\common\\server.js:593:20\n    at handleRequest (c:\\Users\\publico\\.vscode\\extensions\\uqbar.wollok-lsp-ide-0.3.3\\server\\node_modules\\vscode-jsonrpc\\lib\\common\\connection.js:493:41)\n    at handleMessage (c:\\Users\\publico\\.vscode\\extensions\\uqbar.wollok-lsp-ide-0.3.3\\server\\node_modules\\vscode-jsonrpc\\lib\\common\\connection.js:339:13)\n    at processMessageQueue (c:\\Users\\publico\\.vscode\\extensions\\uqbar.wollok-lsp-ide-0.3.3\\server\\node_modules\\vscode-jsonrpc\\lib\\common\\connection.js:362:17)\n    at Immediate._onImmediate (c:\\Users\\publico\\.vscode\\extensions\\uqbar.wollok-lsp-ide-0.3.3\\server\\node_modules\\vscode-jsonrpc\\lib\\common\\connection.js:334:13)\n    at process.processImmediate (node:internal/timers:478:21)","timestamp":"2024-08-26T23:47:19.306Z"}
{"level":"info","message":"onRequest - completionItem/resolve","timestamp":"2024-08-26T23:47:19.307Z"}
{"level":"error","message":"âœ˜ Completions for node failed: Error: [Parameter]{280f06} at tomyjerry.wlk:18 exhausted all cases without a match [Parameter]{280f06} at tomyjerry.wlk:18 exhausted all cases without a match","stack":"Error: [Parameter]{280f06} at tomyjerry.wlk:18 exhausted all cases without a match\n    at c:\\Users\\publico\\.vscode\\extensions\\uqbar.wollok-lsp-ide-0.3.3\\node_modules\\wollok-ts\\dist\\extensions.js:85:11\n    at completionsForNode (c:\\Users\\publico\\.vscode\\extensions\\uqbar.wollok-lsp-ide-0.3.3\\server\\out\\functionalities\\autocomplete\\node-completion.js:10:44)\n    at c:\\Users\\publico\\.vscode\\extensions\\uqbar.wollok-lsp-ide-0.3.3\\server\\out\\functionalities\\autocomplete\\autocomplete.js:26:154\n    at c:\\Users\\publico\\.vscode\\extensions\\uqbar.wollok-lsp-ide-0.3.3\\server\\out\\server.js:198:20\n    at c:\\Users\\publico\\.vscode\\extensions\\uqbar.wollok-lsp-ide-0.3.3\\server\\node_modules\\vscode-languageserver\\lib\\common\\server.js:593:20\n    at handleRequest (c:\\Users\\publico\\.vscode\\extensions\\uqbar.wollok-lsp-ide-0.3.3\\server\\node_modules\\vscode-jsonrpc\\lib\\common\\connection.js:493:41)\n    at handleMessage (c:\\Users\\publico\\.vscode\\extensions\\uqbar.wollok-lsp-ide-0.3.3\\server\\node_modules\\vscode-jsonrpc\\lib\\common\\connection.js:339:13)\n    at processMessageQueue (c:\\Users\\publico\\.vscode\\extensions\\uqbar.wollok-lsp-ide-0.3.3\\server\\node_modules\\vscode-jsonrpc\\lib\\common\\connection.js:362:17)\n    at Immediate._onImmediate (c:\\Users\\publico\\.vscode\\extensions\\uqbar.wollok-lsp-ide-0.3.3\\server\\node_modules\\vscode-jsonrpc\\lib\\common\\connection.js:334:13)\n    at process.processImmediate (node:internal/timers:478:21)","timestamp":"2024-08-26T23:47:19.307Z"}
{"level":"info","message":"onRequest - completionItem/resolve","timestamp":"2024-08-26T23:47:19.307Z"}
{"level":"error","message":"âœ˜ Completions for node failed: Error: [Parameter]{280f06} at tomyjerry.wlk:18 exhausted all cases without a match [Parameter]{280f06} at tomyjerry.wlk:18 exhausted all cases without a match","stack":"Error: [Parameter]{280f06} at tomyjerry.wlk:18 exhausted all cases without a match\n    at c:\\Users\\publico\\.vscode\\extensions\\uqbar.wollok-lsp-ide-0.3.3\\node_modules\\wollok-ts\\dist\\extensions.js:85:11\n    at completionsForNode (c:\\Users\\publico\\.vscode\\extensions\\uqbar.wollok-lsp-ide-0.3.3\\server\\out\\functionalities\\autocomplete\\node-completion.js:10:44)\n    at c:\\Users\\publico\\.vscode\\extensions\\uqbar.wollok-lsp-ide-0.3.3\\server\\out\\functionalities\\autocomplete\\autocomplete.js:26:154\n    at c:\\Users\\publico\\.vscode\\extensions\\uqbar.wollok-lsp-ide-0.3.3\\server\\out\\server.js:198:20\n    at c:\\Users\\publico\\.vscode\\extensions\\uqbar.wollok-lsp-ide-0.3.3\\server\\node_modules\\vscode-languageserver\\lib\\common\\server.js:593:20\n    at handleRequest (c:\\Users\\publico\\.vscode\\extensions\\uqbar.wollok-lsp-ide-0.3.3\\server\\node_modules\\vscode-jsonrpc\\lib\\common\\connection.js:493:41)\n    at handleMessage (c:\\Users\\publico\\.vscode\\extensions\\uqbar.wollok-lsp-ide-0.3.3\\server\\node_modules\\vscode-jsonrpc\\lib\\common\\connection.js:339:13)\n    at processMessageQueue (c:\\Users\\publico\\.vscode\\extensions\\uqbar.wollok-lsp-ide-0.3.3\\server\\node_modules\\vscode-jsonrpc\\lib\\common\\connection.js:362:17)\n    at Immediate._onImmediate (c:\\Users\\publico\\.vscode\\extensions\\uqbar.wollok-lsp-ide-0.3.3\\server\\node_modules\\vscode-jsonrpc\\lib\\common\\connection.js:334:13)\n    at process.processImmediate (node:internal/timers:478:21)","timestamp":"2024-08-26T23:47:19.307Z"}
{"level":"info","message":"onRequest - completionItem/resolve","timestamp":"2024-08-26T23:47:19.308Z"}
{"level":"error","message":"âœ˜ Completions for node failed: Error: [Parameter]{280f06} at tomyjerry.wlk:18 exhausted all cases without a match [Parameter]{280f06} at tomyjerry.wlk:18 exhausted all cases without a match","stack":"Error: [Parameter]{280f06} at tomyjerry.wlk:18 exhausted all cases without a match\n    at c:\\Users\\publico\\.vscode\\extensions\\uqbar.wollok-lsp-ide-0.3.3\\node_modules\\wollok-ts\\dist\\extensions.js:85:11\n    at completionsForNode (c:\\Users\\publico\\.vscode\\extensions\\uqbar.wollok-lsp-ide-0.3.3\\server\\out\\functionalities\\autocomplete\\node-completion.js:10:44)\n    at c:\\Users\\publico\\.vscode\\extensions\\uqbar.wollok-lsp-ide-0.3.3\\server\\out\\functionalities\\autocomplete\\autocomplete.js:26:154\n    at c:\\Users\\publico\\.vscode\\extensions\\uqbar.wollok-lsp-ide-0.3.3\\server\\out\\server.js:198:20\n    at c:\\Users\\publico\\.vscode\\extensions\\uqbar.wollok-lsp-ide-0.3.3\\server\\node_modules\\vscode-languageserver\\lib\\common\\server.js:593:20\n    at handleRequest (c:\\Users\\publico\\.vscode\\extensions\\uqbar.wollok-lsp-ide-0.3.3\\server\\node_modules\\vscode-jsonrpc\\lib\\common\\connection.js:493:41)\n    at handleMessage (c:\\Users\\publico\\.vscode\\extensions\\uqbar.wollok-lsp-ide-0.3.3\\server\\node_modules\\vscode-jsonrpc\\lib\\common\\connection.js:339:13)\n    at processMessageQueue (c:\\Users\\publico\\.vscode\\extensions\\uqbar.wollok-lsp-ide-0.3.3\\server\\node_modules\\vscode-jsonrpc\\lib\\common\\connection.js:362:17)\n    at Immediate._onImmediate (c:\\Users\\publico\\.vscode\\extensions\\uqbar.wollok-lsp-ide-0.3.3\\server\\node_modules\\vscode-jsonrpc\\lib\\common\\connection.js:334:13)\n    at process.processImmediate (node:internal/timers:478:21)","timestamp":"2024-08-26T23:47:19.308Z"}
{"level":"info","message":"onRequest - completionItem/resolve","timestamp":"2024-08-26T23:47:19.308Z"}
{"level":"error","message":"âœ˜ Completions for node failed: Error: [Parameter]{280f06} at tomyjerry.wlk:18 exhausted all cases without a match [Parameter]{280f06} at tomyjerry.wlk:18 exhausted all cases without a match","stack":"Error: [Parameter]{280f06} at tomyjerry.wlk:18 exhausted all cases without a match\n    at c:\\Users\\publico\\.vscode\\extensions\\uqbar.wollok-lsp-ide-0.3.3\\node_modules\\wollok-ts\\dist\\extensions.js:85:11\n    at completionsForNode (c:\\Users\\publico\\.vscode\\extensions\\uqbar.wollok-lsp-ide-0.3.3\\server\\out\\functionalities\\autocomplete\\node-completion.js:10:44)\n    at c:\\Users\\publico\\.vscode\\extensions\\uqbar.wollok-lsp-ide-0.3.3\\server\\out\\functionalities\\autocomplete\\autocomplete.js:26:154\n    at c:\\Users\\publico\\.vscode\\extensions\\uqbar.wollok-lsp-ide-0.3.3\\server\\out\\server.js:198:20\n    at c:\\Users\\publico\\.vscode\\extensions\\uqbar.wollok-lsp-ide-0.3.3\\server\\node_modules\\vscode-languageserver\\lib\\common\\server.js:593:20\n    at handleRequest (c:\\Users\\publico\\.vscode\\extensions\\uqbar.wollok-lsp-ide-0.3.3\\server\\node_modules\\vscode-jsonrpc\\lib\\common\\connection.js:493:41)\n    at handleMessage (c:\\Users\\publico\\.vscode\\extensions\\uqbar.wollok-lsp-ide-0.3.3\\server\\node_modules\\vscode-jsonrpc\\lib\\common\\connection.js:339:13)\n    at processMessageQueue (c:\\Users\\publico\\.vscode\\extensions\\uqbar.wollok-lsp-ide-0.3.3\\server\\node_modules\\vscode-jsonrpc\\lib\\common\\connection.js:362:17)\n    at Immediate._onImmediate (c:\\Users\\publico\\.vscode\\extensions\\uqbar.wollok-lsp-ide-0.3.3\\server\\node_modules\\vscode-jsonrpc\\lib\\common\\connection.js:334:13)\n    at process.processImmediate (node:internal/timers:478:21)","timestamp":"2024-08-26T23:47:19.310Z"}
{"level":"info","message":"onRequest - completionItem/resolve","timestamp":"2024-08-26T23:47:19.310Z"}
{"level":"info","message":"âŒ› Building environment","timeElapsed":116,"timestamp":"2024-08-26T23:47:29.750Z"}
{"level":"info","message":"onRequest - completionItem/resolve","timestamp":"2024-08-26T23:47:29.904Z"}
{"level":"info","message":"onRequest - completionItem/resolve","timestamp":"2024-08-26T23:47:29.961Z"}
{"level":"info","message":"onRequest - completionItem/resolve","timestamp":"2024-08-26T23:47:30.100Z"}
{"level":"info","message":"onRequest - completionItem/resolve","timestamp":"2024-08-26T23:47:30.237Z"}
{"level":"info","message":"onRequest - completionItem/resolve","timestamp":"2024-08-26T23:47:30.371Z"}
{"level":"info","message":"onRequest - completionItem/resolve","timestamp":"2024-08-26T23:47:30.512Z"}
{"level":"info","message":"onRequest - completionItem/resolve","timestamp":"2024-08-26T23:47:30.658Z"}
{"level":"info","message":"onRequest - completionItem/resolve","timestamp":"2024-08-26T23:47:30.794Z"}
{"level":"info","message":"onRequest - completionItem/resolve","timestamp":"2024-08-26T23:47:31.204Z"}
{"level":"info","message":"âŒ› Building environment","timeElapsed":111,"timestamp":"2024-08-26T23:47:38.936Z"}
{"level":"info","message":"âŒ› Validating tomyjerry.wlk","timeElapsed":104,"timestamp":"2024-08-26T23:47:39.058Z"}
{"level":"info","message":"âŒ› Building environment","timeElapsed":101,"timestamp":"2024-08-26T23:47:39.702Z"}
{"level":"info","message":"onRequest - completionItem/resolve","timestamp":"2024-08-26T23:47:39.801Z"}
{"level":"info","message":"onRequest - completionItem/resolve","timestamp":"2024-08-26T23:47:51.580Z"}
{"level":"info","message":"onRequest - completionItem/resolve","timestamp":"2024-08-26T23:47:51.636Z"}
{"level":"info","message":"onRequest - completionItem/resolve","timestamp":"2024-08-26T23:47:51.782Z"}
{"level":"info","message":"âŒ› Building environment","timeElapsed":135,"timestamp":"2024-08-26T23:47:55.667Z"}
{"level":"error","message":"âœ˜ Completions for node failed: Error: [Return]{6bdf57} at tomyjerry.wlk:19 exhausted all cases without a match [Return]{6bdf57} at tomyjerry.wlk:19 exhausted all cases without a match","stack":"Error: [Return]{6bdf57} at tomyjerry.wlk:19 exhausted all cases without a match\n    at c:\\Users\\publico\\.vscode\\extensions\\uqbar.wollok-lsp-ide-0.3.3\\node_modules\\wollok-ts\\dist\\extensions.js:85:11\n    at completionsForNode (c:\\Users\\publico\\.vscode\\extensions\\uqbar.wollok-lsp-ide-0.3.3\\server\\out\\functionalities\\autocomplete\\node-completion.js:10:44)\n    at completeForParent (c:\\Users\\publico\\.vscode\\extensions\\uqbar.wollok-lsp-ide-0.3.3\\server\\out\\functionalities\\autocomplete\\node-completion.js:56:43)\n    at completeReference (c:\\Users\\publico\\.vscode\\extensions\\uqbar.wollok-lsp-ide-0.3.3\\server\\out\\functionalities\\autocomplete\\node-completion.js:64:135)\n    at c:\\Users\\publico\\.vscode\\extensions\\uqbar.wollok-lsp-ide-0.3.3\\node_modules\\wollok-ts\\dist\\extensions.js:84:20\n    at completionsForNode (c:\\Users\\publico\\.vscode\\extensions\\uqbar.wollok-lsp-ide-0.3.3\\server\\out\\functionalities\\autocomplete\\node-completion.js:10:44)\n    at c:\\Users\\publico\\.vscode\\extensions\\uqbar.wollok-lsp-ide-0.3.3\\server\\out\\functionalities\\autocomplete\\autocomplete.js:26:154\n    at c:\\Users\\publico\\.vscode\\extensions\\uqbar.wollok-lsp-ide-0.3.3\\server\\out\\server.js:198:20\n    at c:\\Users\\publico\\.vscode\\extensions\\uqbar.wollok-lsp-ide-0.3.3\\server\\node_modules\\vscode-languageserver\\lib\\common\\server.js:593:20\n    at handleRequest (c:\\Users\\publico\\.vscode\\extensions\\uqbar.wollok-lsp-ide-0.3.3\\server\\node_modules\\vscode-jsonrpc\\lib\\common\\connection.js:493:41)","timestamp":"2024-08-26T23:47:57.669Z"}
{"level":"info","message":"âŒ› Building environment","timeElapsed":133,"timestamp":"2024-08-26T23:47:57.886Z"}
{"level":"info","message":"onRequest - completionItem/resolve","timestamp":"2024-08-26T23:47:57.887Z"}
{"level":"info","message":"onRequest - completionItem/resolve","timestamp":"2024-08-26T23:47:57.980Z"}
{"level":"info","message":"âŒ› Validating tomyjerry.wlk","timeElapsed":140,"timestamp":"2024-08-26T23:47:58.120Z"}
{"level":"info","message":"âŒ› Validating tomyjerry.wlk","timeElapsed":128,"timestamp":"2024-08-26T23:47:58.248Z"}
{"level":"info","message":"onRequest - completionItem/resolve","timestamp":"2024-08-26T23:47:58.303Z"}
{"level":"info","message":"onRequest - completionItem/resolve","timestamp":"2024-08-26T23:47:58.359Z"}
{"level":"info","message":"onRequest - completionItem/resolve","timestamp":"2024-08-26T23:47:58.415Z"}
{"level":"info","message":"onRequest - completionItem/resolve","timestamp":"2024-08-26T23:47:58.723Z"}
{"level":"info","message":"onRequest - completionItem/resolve","timestamp":"2024-08-26T23:47:58.777Z"}
{"level":"info","message":"âŒ› Validating tomyjerry.wlk","timeElapsed":107,"timestamp":"2024-08-26T23:47:58.891Z"}
{"level":"info","message":"onRequest - completionItem/resolve","timestamp":"2024-08-26T23:47:59.193Z"}
{"level":"info","message":"âŒ› Building environment","timeElapsed":108,"timestamp":"2024-08-26T23:48:02.109Z"}
{"level":"error","message":"âœ˜ Completions for node failed: Error: [Send]{2a848a} at tomyjerry.wlk:27 exhausted all cases without a match [Send]{2a848a} at tomyjerry.wlk:27 exhausted all cases without a match","stack":"Error: [Send]{2a848a} at tomyjerry.wlk:27 exhausted all cases without a match\n    at c:\\Users\\publico\\.vscode\\extensions\\uqbar.wollok-lsp-ide-0.3.3\\node_modules\\wollok-ts\\dist\\extensions.js:85:11\n    at completionsForNode (c:\\Users\\publico\\.vscode\\extensions\\uqbar.wollok-lsp-ide-0.3.3\\server\\out\\functionalities\\autocomplete\\node-completion.js:10:44)\n    at completeForParent (c:\\Users\\publico\\.vscode\\extensions\\uqbar.wollok-lsp-ide-0.3.3\\server\\out\\functionalities\\autocomplete\\node-completion.js:56:43)\n    at completeReference (c:\\Users\\publico\\.vscode\\extensions\\uqbar.wollok-lsp-ide-0.3.3\\server\\out\\functionalities\\autocomplete\\node-completion.js:64:135)\n    at c:\\Users\\publico\\.vscode\\extensions\\uqbar.wollok-lsp-ide-0.3.3\\node_modules\\wollok-ts\\dist\\extensions.js:84:20\n    at completionsForNode (c:\\Users\\publico\\.vscode\\extensions\\uqbar.wollok-lsp-ide-0.3.3\\server\\out\\functionalities\\autocomplete\\node-completion.js:10:44)\n    at c:\\Users\\publico\\.vscode\\extensions\\uqbar.wollok-lsp-ide-0.3.3\\server\\out\\functionalities\\autocomplete\\autocomplete.js:26:154\n    at c:\\Users\\publico\\.vscode\\extensions\\uqbar.wollok-lsp-ide-0.3.3\\server\\out\\server.js:198:20\n    at c:\\Users\\publico\\.vscode\\extensions\\uqbar.wollok-lsp-ide-0.3.3\\server\\node_modules\\vscode-languageserver\\lib\\common\\server.js:593:20\n    at handleRequest (c:\\Users\\publico\\.vscode\\extensions\\uqbar.wollok-lsp-ide-0.3.3\\server\\node_modules\\vscode-jsonrpc\\lib\\common\\connection.js:493:41)","timestamp":"2024-08-26T23:49:33.019Z"}
{"level":"error","message":"âœ˜ Completions for node failed: Error: [Send]{6c1507} at tomyjerry.wlk:27 exhausted all cases without a match [Send]{6c1507} at tomyjerry.wlk:27 exhausted all cases without a match","stack":"Error: [Send]{6c1507} at tomyjerry.wlk:27 exhausted all cases without a match\n    at c:\\Users\\publico\\.vscode\\extensions\\uqbar.wollok-lsp-ide-0.3.3\\node_modules\\wollok-ts\\dist\\extensions.js:85:11\n    at completionsForNode (c:\\Users\\publico\\.vscode\\extensions\\uqbar.wollok-lsp-ide-0.3.3\\server\\out\\functionalities\\autocomplete\\node-completion.js:10:44)\n    at completeForParent (c:\\Users\\publico\\.vscode\\extensions\\uqbar.wollok-lsp-ide-0.3.3\\server\\out\\functionalities\\autocomplete\\node-completion.js:56:43)\n    at completionsForNode (c:\\Users\\publico\\.vscode\\extensions\\uqbar.wollok-lsp-ide-0.3.3\\server\\out\\functionalities\\autocomplete\\node-completion.js:14:46)\n    at completeForParent (c:\\Users\\publico\\.vscode\\extensions\\uqbar.wollok-lsp-ide-0.3.3\\server\\out\\functionalities\\autocomplete\\node-completion.js:56:43)\n    at completeReference (c:\\Users\\publico\\.vscode\\extensions\\uqbar.wollok-lsp-ide-0.3.3\\server\\out\\functionalities\\autocomplete\\node-completion.js:64:135)\n    at c:\\Users\\publico\\.vscode\\extensions\\uqbar.wollok-lsp-ide-0.3.3\\node_modules\\wollok-ts\\dist\\extensions.js:84:20\n    at completionsForNode (c:\\Users\\publico\\.vscode\\extensions\\uqbar.wollok-lsp-ide-0.3.3\\server\\out\\functionalities\\autocomplete\\node-completion.js:10:44)\n    at c:\\Users\\publico\\.vscode\\extensions\\uqbar.wollok-lsp-ide-0.3.3\\server\\out\\functionalities\\autocomplete\\autocomplete.js:26:154\n    at c:\\Users\\publico\\.vscode\\extensions\\uqbar.wollok-lsp-ide-0.3.3\\server\\out\\server.js:198:20","timestamp":"2024-08-26T23:49:33.020Z"}
{"level":"error","message":"âœ˜ Completions for node failed: Error: [Return]{2e3c5a} at tomyjerry.wlk:27 exhausted all cases without a match [Return]{2e3c5a} at tomyjerry.wlk:27 exhausted all cases without a match","stack":"Error: [Return]{2e3c5a} at tomyjerry.wlk:27 exhausted all cases without a match\n    at c:\\Users\\publico\\.vscode\\extensions\\uqbar.wollok-lsp-ide-0.3.3\\node_modules\\wollok-ts\\dist\\extensions.js:85:11\n    at completionsForNode (c:\\Users\\publico\\.vscode\\extensions\\uqbar.wollok-lsp-ide-0.3.3\\server\\out\\functionalities\\autocomplete\\node-completion.js:10:44)\n    at completeForParent (c:\\Users\\publico\\.vscode\\extensions\\uqbar.wollok-lsp-ide-0.3.3\\server\\out\\functionalities\\autocomplete\\node-completion.js:56:43)\n    at completionsForNode (c:\\Users\\publico\\.vscode\\extensions\\uqbar.wollok-lsp-ide-0.3.3\\server\\out\\functionalities\\autocomplete\\node-completion.js:14:46)\n    at completeForParent (c:\\Users\\publico\\.vscode\\extensions\\uqbar.wollok-lsp-ide-0.3.3\\server\\out\\functionalities\\autocomplete\\node-completion.js:56:43)\n    at completionsForNode (c:\\Users\\publico\\.vscode\\extensions\\uqbar.wollok-lsp-ide-0.3.3\\server\\out\\functionalities\\autocomplete\\node-completion.js:14:46)\n    at completeForParent (c:\\Users\\publico\\.vscode\\extensions\\uqbar.wollok-lsp-ide-0.3.3\\server\\out\\functionalities\\autocomplete\\node-completion.js:56:43)\n    at completeReference (c:\\Users\\publico\\.vscode\\extensions\\uqbar.wollok-lsp-ide-0.3.3\\server\\out\\functionalities\\autocomplete\\node-completion.js:64:135)\n    at c:\\Users\\publico\\.vscode\\extensions\\uqbar.wollok-lsp-ide-0.3.3\\node_modules\\wollok-ts\\dist\\extensions.js:84:20\n    at completionsForNode (c:\\Users\\publico\\.vscode\\extensions\\uqbar.wollok-lsp-ide-0.3.3\\server\\out\\functionalities\\autocomplete\\node-completion.js:10:44)","timestamp":"2024-08-26T23:49:33.020Z"}
{"level":"info","message":"âŒ› Validating tomyjerry.wlk","timeElapsed":110,"timestamp":"2024-08-26T23:49:33.198Z"}
{"level":"info","message":"onRequest - completionItem/resolve","timestamp":"2024-08-26T23:49:33.198Z"}
{"level":"info","message":"âŒ› Validating tomyjerry.wlk","timeElapsed":101,"timestamp":"2024-08-26T23:49:34.810Z"}
{"level":"info","message":"âŒ› Building environment","timeElapsed":105,"timestamp":"2024-08-26T23:49:36.112Z"}
{"level":"info","message":"âŒ› Building environment","timeElapsed":104,"timestamp":"2024-08-26T23:49:37.093Z"}
{"level":"info","message":"âŒ› Building environment","timeElapsed":124,"timestamp":"2024-08-26T23:49:54.161Z"}
{"level":"error","message":"âœ˜ Completions for node failed: Error: [Parameter]{ba6802} at tomyjerry.wlk:26 exhausted all cases without a match [Parameter]{ba6802} at tomyjerry.wlk:26 exhausted all cases without a match","stack":"Error: [Parameter]{ba6802} at tomyjerry.wlk:26 exhausted all cases without a match\n    at c:\\Users\\publico\\.vscode\\extensions\\uqbar.wollok-lsp-ide-0.3.3\\node_modules\\wollok-ts\\dist\\extensions.js:85:11\n    at completionsForNode (c:\\Users\\publico\\.vscode\\extensions\\uqbar.wollok-lsp-ide-0.3.3\\server\\out\\functionalities\\autocomplete\\node-completion.js:10:44)\n    at c:\\Users\\publico\\.vscode\\extensions\\uqbar.wollok-lsp-ide-0.3.3\\server\\out\\functionalities\\autocomplete\\autocomplete.js:26:154\n    at c:\\Users\\publico\\.vscode\\extensions\\uqbar.wollok-lsp-ide-0.3.3\\server\\out\\server.js:198:20\n    at c:\\Users\\publico\\.vscode\\extensions\\uqbar.wollok-lsp-ide-0.3.3\\server\\node_modules\\vscode-languageserver\\lib\\common\\server.js:593:20\n    at handleRequest (c:\\Users\\publico\\.vscode\\extensions\\uqbar.wollok-lsp-ide-0.3.3\\server\\node_modules\\vscode-jsonrpc\\lib\\common\\connection.js:493:41)\n    at handleMessage (c:\\Users\\publico\\.vscode\\extensions\\uqbar.wollok-lsp-ide-0.3.3\\server\\node_modules\\vscode-jsonrpc\\lib\\common\\connection.js:339:13)\n    at processMessageQueue (c:\\Users\\publico\\.vscode\\extensions\\uqbar.wollok-lsp-ide-0.3.3\\server\\node_modules\\vscode-jsonrpc\\lib\\common\\connection.js:362:17)\n    at Immediate._onImmediate (c:\\Users\\publico\\.vscode\\extensions\\uqbar.wollok-lsp-ide-0.3.3\\server\\node_modules\\vscode-jsonrpc\\lib\\common\\connection.js:334:13)\n    at process.processImmediate (node:internal/timers:478:21)","timestamp":"2024-08-26T23:49:54.176Z"}
{"level":"info","message":"âŒ› Validating tomyjerry.wlk","timeElapsed":114,"timestamp":"2024-08-26T23:49:54.356Z"}
{"level":"info","message":"âŒ› Building environment","timeElapsed":110,"timestamp":"2024-08-26T23:49:55.269Z"}
{"level":"error","message":"âœ˜ Failed to rebuild document Failed to parse tomyjerry.wlk: \n-- PARSING FAILED --------------------------------------------------\n\n  28 | \t  (energia - self.energiaAlRecorrer(distancia)) < energia + 12 + raton.peso()\n  29 | \t}\n> 30 | }\n     | ^\n  31 | \n  32 | object jerry {\n\nExpected one of the following: \n\n'@', 'class', 'const', 'describe', 'mixin', 'object', 'only', 'package', 'program', 'test', 'var', '{', EOF, comment, not \"}\r\n\r\n\", whitespace\n","stack":"Error: Failed to parse tomyjerry.wlk: \n-- PARSING FAILED --------------------------------------------------\n\n  28 | \t  (energia - self.energiaAlRecorrer(distancia)) < energia + 12 + raton.peso()\n  29 | \t}\n> 30 | }\n     | ^\n  31 | \n  32 | object jerry {\n\nExpected one of the following: \n\n'@', 'class', 'const', 'describe', 'mixin', 'object', 'only', 'package', 'program', 'test', 'var', '{', EOF, comment, not \"}\r\n\r\n\", whitespace\n\n    at c:\\Users\\publico\\.vscode\\extensions\\uqbar.wollok-lsp-ide-0.3.3\\node_modules\\wollok-ts\\dist\\index.js:54:19\n    at Array.map (<anonymous>)\n    at buildEnvironment (c:\\Users\\publico\\.vscode\\extensions\\uqbar.wollok-lsp-ide-0.3.3\\node_modules\\wollok-ts\\dist\\index.js:49:40)\n    at EnvironmentProvider.buildEnvironmentFrom (c:\\Users\\publico\\.vscode\\extensions\\uqbar.wollok-lsp-ide-0.3.3\\server\\out\\utils\\vm\\environment.js:29:66)\n    at EnvironmentProvider.updateEnvironmentWith (c:\\Users\\publico\\.vscode\\extensions\\uqbar.wollok-lsp-ide-0.3.3\\server\\out\\utils\\vm\\environment.js:19:37)\n    at rebuildTextDocument (c:\\Users\\publico\\.vscode\\extensions\\uqbar.wollok-lsp-ide-0.3.3\\server\\out\\server.js:102:29)\n    at CallbackList.invoke (c:\\Users\\publico\\.vscode\\extensions\\uqbar.wollok-lsp-ide-0.3.3\\server\\node_modules\\vscode-jsonrpc\\lib\\common\\events.js:55:39)\n    at Emitter.fire (c:\\Users\\publico\\.vscode\\extensions\\uqbar.wollok-lsp-ide-0.3.3\\server\\node_modules\\vscode-jsonrpc\\lib\\common\\events.js:117:36)\n    at c:\\Users\\publico\\.vscode\\extensions\\uqbar.wollok-lsp-ide-0.3.3\\server\\node_modules\\vscode-languageserver\\lib\\common\\textDocuments.js:138:42\n    at handleNotification (c:\\Users\\publico\\.vscode\\extensions\\uqbar.wollok-lsp-ide-0.3.3\\server\\node_modules\\vscode-jsonrpc\\lib\\common\\connection.js:640:25)","timestamp":"2024-08-26T23:49:57.331Z"}
{"level":"info","message":"âŒ› Building environment","timeElapsed":132,"timestamp":"2024-08-26T23:50:53.075Z"}
{"level":"info","message":"âŒ› Building environment","timeElapsed":127,"timestamp":"2024-08-26T23:50:53.550Z"}
{"level":"info","message":"âŒ› Building environment","timeElapsed":141,"timestamp":"2024-08-26T23:50:54.422Z"}
{"level":"info","message":"âŒ› Validating tomYJerry.wtest","timeElapsed":101,"timestamp":"2024-08-26T23:50:57.472Z"}
{"level":"info","message":"âŒ› Building environment","timeElapsed":104,"timestamp":"2024-08-26T23:50:58.317Z"}
{"level":"info","message":"âŒ› Validating tomyjerry.wlk","timeElapsed":110,"timestamp":"2024-08-26T23:52:05.463Z"}
{"level":"info","message":"âŒ› Validating tomyjerry.wlk","timeElapsed":104,"timestamp":"2024-08-26T23:52:14.540Z"}
{"level":"info","message":"âŒ› Building environment","timeElapsed":108,"timestamp":"2024-08-26T23:52:16.150Z"}
{"level":"error","message":"âœ˜ Completions for node failed: Error: [Parameter]{a48185} at tomyjerry.wlk:22 exhausted all cases without a match [Parameter]{a48185} at tomyjerry.wlk:22 exhausted all cases without a match","stack":"Error: [Parameter]{a48185} at tomyjerry.wlk:22 exhausted all cases without a match\n    at c:\\Users\\publico\\.vscode\\extensions\\uqbar.wollok-lsp-ide-0.3.3\\node_modules\\wollok-ts\\dist\\extensions.js:85:11\n    at completionsForNode (c:\\Users\\publico\\.vscode\\extensions\\uqbar.wollok-lsp-ide-0.3.3\\server\\out\\functionalities\\autocomplete\\node-completion.js:10:44)\n    at c:\\Users\\publico\\.vscode\\extensions\\uqbar.wollok-lsp-ide-0.3.3\\server\\out\\functionalities\\autocomplete\\autocomplete.js:26:154\n    at c:\\Users\\publico\\.vscode\\extensions\\uqbar.wollok-lsp-ide-0.3.3\\server\\out\\server.js:198:20\n    at c:\\Users\\publico\\.vscode\\extensions\\uqbar.wollok-lsp-ide-0.3.3\\server\\node_modules\\vscode-languageserver\\lib\\common\\server.js:593:20\n    at handleRequest (c:\\Users\\publico\\.vscode\\extensions\\uqbar.wollok-lsp-ide-0.3.3\\server\\node_modules\\vscode-jsonrpc\\lib\\common\\connection.js:493:41)\n    at handleMessage (c:\\Users\\publico\\.vscode\\extensions\\uqbar.wollok-lsp-ide-0.3.3\\server\\node_modules\\vscode-jsonrpc\\lib\\common\\connection.js:339:13)\n    at processMessageQueue (c:\\Users\\publico\\.vscode\\extensions\\uqbar.wollok-lsp-ide-0.3.3\\server\\node_modules\\vscode-jsonrpc\\lib\\common\\connection.js:362:17)\n    at Immediate._onImmediate (c:\\Users\\publico\\.vscode\\extensions\\uqbar.wollok-lsp-ide-0.3.3\\server\\node_modules\\vscode-jsonrpc\\lib\\common\\connection.js:334:13)\n    at process.processImmediate (node:internal/timers:478:21)","timestamp":"2024-08-26T23:52:16.170Z"}
{"level":"info","message":"onRequest - completionItem/resolve","timestamp":"2024-08-26T23:52:16.265Z"}
{"level":"error","message":"âœ˜ Completions for node failed: Error: [Parameter]{a48185} at tomyjerry.wlk:22 exhausted all cases without a match [Parameter]{a48185} at tomyjerry.wlk:22 exhausted all cases without a match","stack":"Error: [Parameter]{a48185} at tomyjerry.wlk:22 exhausted all cases without a match\n    at c:\\Users\\publico\\.vscode\\extensions\\uqbar.wollok-lsp-ide-0.3.3\\node_modules\\wollok-ts\\dist\\extensions.js:85:11\n    at completionsForNode (c:\\Users\\publico\\.vscode\\extensions\\uqbar.wollok-lsp-ide-0.3.3\\server\\out\\functionalities\\autocomplete\\node-completion.js:10:44)\n    at c:\\Users\\publico\\.vscode\\extensions\\uqbar.wollok-lsp-ide-0.3.3\\server\\out\\functionalities\\autocomplete\\autocomplete.js:26:154\n    at c:\\Users\\publico\\.vscode\\extensions\\uqbar.wollok-lsp-ide-0.3.3\\server\\out\\server.js:198:20\n    at c:\\Users\\publico\\.vscode\\extensions\\uqbar.wollok-lsp-ide-0.3.3\\server\\node_modules\\vscode-languageserver\\lib\\common\\server.js:593:20\n    at handleRequest (c:\\Users\\publico\\.vscode\\extensions\\uqbar.wollok-lsp-ide-0.3.3\\server\\node_modules\\vscode-jsonrpc\\lib\\common\\connection.js:493:41)\n    at handleMessage (c:\\Users\\publico\\.vscode\\extensions\\uqbar.wollok-lsp-ide-0.3.3\\server\\node_modules\\vscode-jsonrpc\\lib\\common\\connection.js:339:13)\n    at processMessageQueue (c:\\Users\\publico\\.vscode\\extensions\\uqbar.wollok-lsp-ide-0.3.3\\server\\node_modules\\vscode-jsonrpc\\lib\\common\\connection.js:362:17)\n    at Immediate._onImmediate (c:\\Users\\publico\\.vscode\\extensions\\uqbar.wollok-lsp-ide-0.3.3\\server\\node_modules\\vscode-jsonrpc\\lib\\common\\connection.js:334:13)\n    at process.processImmediate (node:internal/timers:478:21)","timestamp":"2024-08-26T23:52:16.278Z"}
{"level":"info","message":"onRequest - completionItem/resolve","timestamp":"2024-08-26T23:52:16.287Z"}
{"level":"error","message":"âœ˜ Completions for node failed: Error: [Parameter]{a48185} at tomyjerry.wlk:22 exhausted all cases without a match [Parameter]{a48185} at tomyjerry.wlk:22 exhausted all cases without a match","stack":"Error: [Parameter]{a48185} at tomyjerry.wlk:22 exhausted all cases without a match\n    at c:\\Users\\publico\\.vscode\\extensions\\uqbar.wollok-lsp-ide-0.3.3\\node_modules\\wollok-ts\\dist\\extensions.js:85:11\n    at completionsForNode (c:\\Users\\publico\\.vscode\\extensions\\uqbar.wollok-lsp-ide-0.3.3\\server\\out\\functionalities\\autocomplete\\node-completion.js:10:44)\n    at c:\\Users\\publico\\.vscode\\extensions\\uqbar.wollok-lsp-ide-0.3.3\\server\\out\\functionalities\\autocomplete\\autocomplete.js:26:154\n    at c:\\Users\\publico\\.vscode\\extensions\\uqbar.wollok-lsp-ide-0.3.3\\server\\out\\server.js:198:20\n    at c:\\Users\\publico\\.vscode\\extensions\\uqbar.wollok-lsp-ide-0.3.3\\server\\node_modules\\vscode-languageserver\\lib\\common\\server.js:593:20\n    at handleRequest (c:\\Users\\publico\\.vscode\\extensions\\uqbar.wollok-lsp-ide-0.3.3\\server\\node_modules\\vscode-jsonrpc\\lib\\common\\connection.js:493:41)\n    at handleMessage (c:\\Users\\publico\\.vscode\\extensions\\uqbar.wollok-lsp-ide-0.3.3\\server\\node_modules\\vscode-jsonrpc\\lib\\common\\connection.js:339:13)\n    at processMessageQueue (c:\\Users\\publico\\.vscode\\extensions\\uqbar.wollok-lsp-ide-0.3.3\\server\\node_modules\\vscode-jsonrpc\\lib\\common\\connection.js:362:17)\n    at Immediate._onImmediate (c:\\Users\\publico\\.vscode\\extensions\\uqbar.wollok-lsp-ide-0.3.3\\server\\node_modules\\vscode-jsonrpc\\lib\\common\\connection.js:334:13)\n    at process.processImmediate (node:internal/timers:478:21)","timestamp":"2024-08-26T23:52:16.390Z"}
{"level":"info","message":"onRequest - completionItem/resolve","timestamp":"2024-08-26T23:52:16.396Z"}
{"level":"error","message":"âœ˜ Completions for node failed: Error: [Parameter]{a48185} at tomyjerry.wlk:22 exhausted all cases without a match [Parameter]{a48185} at tomyjerry.wlk:22 exhausted all cases without a match","stack":"Error: [Parameter]{a48185} at tomyjerry.wlk:22 exhausted all cases without a match\n    at c:\\Users\\publico\\.vscode\\extensions\\uqbar.wollok-lsp-ide-0.3.3\\node_modules\\wollok-ts\\dist\\extensions.js:85:11\n    at completionsForNode (c:\\Users\\publico\\.vscode\\extensions\\uqbar.wollok-lsp-ide-0.3.3\\server\\out\\functionalities\\autocomplete\\node-completion.js:10:44)\n    at c:\\Users\\publico\\.vscode\\extensions\\uqbar.wollok-lsp-ide-0.3.3\\server\\out\\functionalities\\autocomplete\\autocomplete.js:26:154\n    at c:\\Users\\publico\\.vscode\\extensions\\uqbar.wollok-lsp-ide-0.3.3\\server\\out\\server.js:198:20\n    at c:\\Users\\publico\\.vscode\\extensions\\uqbar.wollok-lsp-ide-0.3.3\\server\\node_modules\\vscode-languageserver\\lib\\common\\server.js:593:20\n    at handleRequest (c:\\Users\\publico\\.vscode\\extensions\\uqbar.wollok-lsp-ide-0.3.3\\server\\node_modules\\vscode-jsonrpc\\lib\\common\\connection.js:493:41)\n    at handleMessage (c:\\Users\\publico\\.vscode\\extensions\\uqbar.wollok-lsp-ide-0.3.3\\server\\node_modules\\vscode-jsonrpc\\lib\\common\\connection.js:339:13)\n    at processMessageQueue (c:\\Users\\publico\\.vscode\\extensions\\uqbar.wollok-lsp-ide-0.3.3\\server\\node_modules\\vscode-jsonrpc\\lib\\common\\connection.js:362:17)\n    at Immediate._onImmediate (c:\\Users\\publico\\.vscode\\extensions\\uqbar.wollok-lsp-ide-0.3.3\\server\\node_modules\\vscode-jsonrpc\\lib\\common\\connection.js:334:13)\n    at process.processImmediate (node:internal/timers:478:21)","timestamp":"2024-08-26T23:52:16.530Z"}
{"level":"info","message":"onRequest - completionItem/resolve","timestamp":"2024-08-26T23:52:16.533Z"}
{"level":"error","message":"âœ˜ Completions for node failed: Error: [Parameter]{a48185} at tomyjerry.wlk:22 exhausted all cases without a match [Parameter]{a48185} at tomyjerry.wlk:22 exhausted all cases without a match","stack":"Error: [Parameter]{a48185} at tomyjerry.wlk:22 exhausted all cases without a match\n    at c:\\Users\\publico\\.vscode\\extensions\\uqbar.wollok-lsp-ide-0.3.3\\node_modules\\wollok-ts\\dist\\extensions.js:85:11\n    at completionsForNode (c:\\Users\\publico\\.vscode\\extensions\\uqbar.wollok-lsp-ide-0.3.3\\server\\out\\functionalities\\autocomplete\\node-completion.js:10:44)\n    at c:\\Users\\publico\\.vscode\\extensions\\uqbar.wollok-lsp-ide-0.3.3\\server\\out\\functionalities\\autocomplete\\autocomplete.js:26:154\n    at c:\\Users\\publico\\.vscode\\extensions\\uqbar.wollok-lsp-ide-0.3.3\\server\\out\\server.js:198:20\n    at c:\\Users\\publico\\.vscode\\extensions\\uqbar.wollok-lsp-ide-0.3.3\\server\\node_modules\\vscode-languageserver\\lib\\common\\server.js:593:20\n    at handleRequest (c:\\Users\\publico\\.vscode\\extensions\\uqbar.wollok-lsp-ide-0.3.3\\server\\node_modules\\vscode-jsonrpc\\lib\\common\\connection.js:493:41)\n    at handleMessage (c:\\Users\\publico\\.vscode\\extensions\\uqbar.wollok-lsp-ide-0.3.3\\server\\node_modules\\vscode-jsonrpc\\lib\\common\\connection.js:339:13)\n    at processMessageQueue (c:\\Users\\publico\\.vscode\\extensions\\uqbar.wollok-lsp-ide-0.3.3\\server\\node_modules\\vscode-jsonrpc\\lib\\common\\connection.js:362:17)\n    at Immediate._onImmediate (c:\\Users\\publico\\.vscode\\extensions\\uqbar.wollok-lsp-ide-0.3.3\\server\\node_modules\\vscode-jsonrpc\\lib\\common\\connection.js:334:13)\n    at process.processImmediate (node:internal/timers:478:21)","timestamp":"2024-08-26T23:52:16.658Z"}
{"level":"info","message":"onRequest - completionItem/resolve","timestamp":"2024-08-26T23:52:16.663Z"}
{"level":"error","message":"âœ˜ Completions for node failed: Error: [Parameter]{a48185} at tomyjerry.wlk:22 exhausted all cases without a match [Parameter]{a48185} at tomyjerry.wlk:22 exhausted all cases without a match","stack":"Error: [Parameter]{a48185} at tomyjerry.wlk:22 exhausted all cases without a match\n    at c:\\Users\\publico\\.vscode\\extensions\\uqbar.wollok-lsp-ide-0.3.3\\node_modules\\wollok-ts\\dist\\extensions.js:85:11\n    at completionsForNode (c:\\Users\\publico\\.vscode\\extensions\\uqbar.wollok-lsp-ide-0.3.3\\server\\out\\functionalities\\autocomplete\\node-completion.js:10:44)\n    at c:\\Users\\publico\\.vscode\\extensions\\uqbar.wollok-lsp-ide-0.3.3\\server\\out\\functionalities\\autocomplete\\autocomplete.js:26:154\n    at c:\\Users\\publico\\.vscode\\extensions\\uqbar.wollok-lsp-ide-0.3.3\\server\\out\\server.js:198:20\n    at c:\\Users\\publico\\.vscode\\extensions\\uqbar.wollok-lsp-ide-0.3.3\\server\\node_modules\\vscode-languageserver\\lib\\common\\server.js:593:20\n    at handleRequest (c:\\Users\\publico\\.vscode\\extensions\\uqbar.wollok-lsp-ide-0.3.3\\server\\node_modules\\vscode-jsonrpc\\lib\\common\\connection.js:493:41)\n    at handleMessage (c:\\Users\\publico\\.vscode\\extensions\\uqbar.wollok-lsp-ide-0.3.3\\server\\node_modules\\vscode-jsonrpc\\lib\\common\\connection.js:339:13)\n    at processMessageQueue (c:\\Users\\publico\\.vscode\\extensions\\uqbar.wollok-lsp-ide-0.3.3\\server\\node_modules\\vscode-jsonrpc\\lib\\common\\connection.js:362:17)\n    at Immediate._onImmediate (c:\\Users\\publico\\.vscode\\extensions\\uqbar.wollok-lsp-ide-0.3.3\\server\\node_modules\\vscode-jsonrpc\\lib\\common\\connection.js:334:13)\n    at process.processImmediate (node:internal/timers:478:21)","timestamp":"2024-08-26T23:52:16.833Z"}
{"level":"info","message":"onRequest - completionItem/resolve","timestamp":"2024-08-26T23:52:16.839Z"}
{"level":"error","message":"âœ˜ Completions for node failed: Error: [Parameter]{a48185} at tomyjerry.wlk:22 exhausted all cases without a match [Parameter]{a48185} at tomyjerry.wlk:22 exhausted all cases without a match","stack":"Error: [Parameter]{a48185} at tomyjerry.wlk:22 exhausted all cases without a match\n    at c:\\Users\\publico\\.vscode\\extensions\\uqbar.wollok-lsp-ide-0.3.3\\node_modules\\wollok-ts\\dist\\extensions.js:85:11\n    at completionsForNode (c:\\Users\\publico\\.vscode\\extensions\\uqbar.wollok-lsp-ide-0.3.3\\server\\out\\functionalities\\autocomplete\\node-completion.js:10:44)\n    at c:\\Users\\publico\\.vscode\\extensions\\uqbar.wollok-lsp-ide-0.3.3\\server\\out\\functionalities\\autocomplete\\autocomplete.js:26:154\n    at c:\\Users\\publico\\.vscode\\extensions\\uqbar.wollok-lsp-ide-0.3.3\\server\\out\\server.js:198:20\n    at c:\\Users\\publico\\.vscode\\extensions\\uqbar.wollok-lsp-ide-0.3.3\\server\\node_modules\\vscode-languageserver\\lib\\common\\server.js:593:20\n    at handleRequest (c:\\Users\\publico\\.vscode\\extensions\\uqbar.wollok-lsp-ide-0.3.3\\server\\node_modules\\vscode-jsonrpc\\lib\\common\\connection.js:493:41)\n    at handleMessage (c:\\Users\\publico\\.vscode\\extensions\\uqbar.wollok-lsp-ide-0.3.3\\server\\node_modules\\vscode-jsonrpc\\lib\\common\\connection.js:339:13)\n    at processMessageQueue (c:\\Users\\publico\\.vscode\\extensions\\uqbar.wollok-lsp-ide-0.3.3\\server\\node_modules\\vscode-jsonrpc\\lib\\common\\connection.js:362:17)\n    at Immediate._onImmediate (c:\\Users\\publico\\.vscode\\extensions\\uqbar.wollok-lsp-ide-0.3.3\\server\\node_modules\\vscode-jsonrpc\\lib\\common\\connection.js:334:13)\n    at process.processImmediate (node:internal/timers:478:21)","timestamp":"2024-08-26T23:52:16.964Z"}
{"level":"info","message":"onRequest - completionItem/resolve","timestamp":"2024-08-26T23:52:16.971Z"}
{"level":"error","message":"âœ˜ Completions for node failed: Error: [Parameter]{a48185} at tomyjerry.wlk:22 exhausted all cases without a match [Parameter]{a48185} at tomyjerry.wlk:22 exhausted all cases without a match","stack":"Error: [Parameter]{a48185} at tomyjerry.wlk:22 exhausted all cases without a match\n    at c:\\Users\\publico\\.vscode\\extensions\\uqbar.wollok-lsp-ide-0.3.3\\node_modules\\wollok-ts\\dist\\extensions.js:85:11\n    at completionsForNode (c:\\Users\\publico\\.vscode\\extensions\\uqbar.wollok-lsp-ide-0.3.3\\server\\out\\functionalities\\autocomplete\\node-completion.js:10:44)\n    at c:\\Users\\publico\\.vscode\\extensions\\uqbar.wollok-lsp-ide-0.3.3\\server\\out\\functionalities\\autocomplete\\autocomplete.js:26:154\n    at c:\\Users\\publico\\.vscode\\extensions\\uqbar.wollok-lsp-ide-0.3.3\\server\\out\\server.js:198:20\n    at c:\\Users\\publico\\.vscode\\extensions\\uqbar.wollok-lsp-ide-0.3.3\\server\\node_modules\\vscode-languageserver\\lib\\common\\server.js:593:20\n    at handleRequest (c:\\Users\\publico\\.vscode\\extensions\\uqbar.wollok-lsp-ide-0.3.3\\server\\node_modules\\vscode-jsonrpc\\lib\\common\\connection.js:493:41)\n    at handleMessage (c:\\Users\\publico\\.vscode\\extensions\\uqbar.wollok-lsp-ide-0.3.3\\server\\node_modules\\vscode-jsonrpc\\lib\\common\\connection.js:339:13)\n    at processMessageQueue (c:\\Users\\publico\\.vscode\\extensions\\uqbar.wollok-lsp-ide-0.3.3\\server\\node_modules\\vscode-jsonrpc\\lib\\common\\connection.js:362:17)\n    at Immediate._onImmediate (c:\\Users\\publico\\.vscode\\extensions\\uqbar.wollok-lsp-ide-0.3.3\\server\\node_modules\\vscode-jsonrpc\\lib\\common\\connection.js:334:13)\n    at process.processImmediate (node:internal/timers:478:21)","timestamp":"2024-08-26T23:52:17.087Z"}
{"level":"info","message":"onRequest - completionItem/resolve","timestamp":"2024-08-26T23:52:17.092Z"}
{"level":"error","message":"âœ˜ Completions for node failed: Error: [Parameter]{a48185} at tomyjerry.wlk:22 exhausted all cases without a match [Parameter]{a48185} at tomyjerry.wlk:22 exhausted all cases without a match","stack":"Error: [Parameter]{a48185} at tomyjerry.wlk:22 exhausted all cases without a match\n    at c:\\Users\\publico\\.vscode\\extensions\\uqbar.wollok-lsp-ide-0.3.3\\node_modules\\wollok-ts\\dist\\extensions.js:85:11\n    at completionsForNode (c:\\Users\\publico\\.vscode\\extensions\\uqbar.wollok-lsp-ide-0.3.3\\server\\out\\functionalities\\autocomplete\\node-completion.js:10:44)\n    at c:\\Users\\publico\\.vscode\\extensions\\uqbar.wollok-lsp-ide-0.3.3\\server\\out\\functionalities\\autocomplete\\autocomplete.js:26:154\n    at c:\\Users\\publico\\.vscode\\extensions\\uqbar.wollok-lsp-ide-0.3.3\\server\\out\\server.js:198:20\n    at c:\\Users\\publico\\.vscode\\extensions\\uqbar.wollok-lsp-ide-0.3.3\\server\\node_modules\\vscode-languageserver\\lib\\common\\server.js:593:20\n    at handleRequest (c:\\Users\\publico\\.vscode\\extensions\\uqbar.wollok-lsp-ide-0.3.3\\server\\node_modules\\vscode-jsonrpc\\lib\\common\\connection.js:493:41)\n    at handleMessage (c:\\Users\\publico\\.vscode\\extensions\\uqbar.wollok-lsp-ide-0.3.3\\server\\node_modules\\vscode-jsonrpc\\lib\\common\\connection.js:339:13)\n    at processMessageQueue (c:\\Users\\publico\\.vscode\\extensions\\uqbar.wollok-lsp-ide-0.3.3\\server\\node_modules\\vscode-jsonrpc\\lib\\common\\connection.js:362:17)\n    at Immediate._onImmediate (c:\\Users\\publico\\.vscode\\extensions\\uqbar.wollok-lsp-ide-0.3.3\\server\\node_modules\\vscode-jsonrpc\\lib\\common\\connection.js:334:13)\n    at process.processImmediate (node:internal/timers:478:21)","timestamp":"2024-08-26T23:52:17.358Z"}
{"level":"info","message":"onRequest - completionItem/resolve","timestamp":"2024-08-26T23:52:17.364Z"}
{"level":"info","message":"âŒ› Building environment","timeElapsed":123,"timestamp":"2024-08-26T23:52:20.234Z"}
{"level":"info","message":"âŒ› Building environment","timeElapsed":109,"timestamp":"2024-08-26T23:53:22.776Z"}
{"level":"info","message":"âŒ› Building environment","timeElapsed":101,"timestamp":"2024-08-26T23:53:28.607Z"}
{"level":"info","message":"âŒ› Validating tomYJerry.wtest","timeElapsed":108,"timestamp":"2024-08-26T23:53:28.717Z"}
{"level":"info","message":"âŒ› Validating tomYJerry.wtest","timeElapsed":101,"timestamp":"2024-08-26T23:53:35.783Z"}
{"level":"info","message":"âŒ› Validating tomYJerry.wtest","timeElapsed":101,"timestamp":"2024-08-26T23:53:35.943Z"}
{"level":"info","message":"âŒ› Building environment","timeElapsed":115,"timestamp":"2024-08-26T23:54:08.549Z"}
{"level":"info","message":"âŒ› Building environment","timeElapsed":119,"timestamp":"2024-08-26T23:54:09.417Z"}
{"level":"info","message":"âŒ› Building environment","timeElapsed":128,"timestamp":"2024-08-26T23:54:15.161Z"}
{"level":"info","message":"âŒ› Building environment","timeElapsed":112,"timestamp":"2024-08-26T23:54:43.686Z"}
{"level":"info","message":"âŒ› Building environment","timeElapsed":115,"timestamp":"2024-08-26T23:54:45.629Z"}
{"level":"info","message":"âŒ› Validating tomYJerry.wtest","timeElapsed":113,"timestamp":"2024-08-26T23:54:52.013Z"}
{"level":"info","message":"âŒ› Building environment","timeElapsed":111,"timestamp":"2024-08-26T23:54:57.434Z"}
{"failures":[{"error":["wollok.lib.AssertionException: Value was not false","  at tomYJerry.\"tom y jerry\".\"tom quiere y puede comer\" [tomYJerry.wtest:19]"],"test":"tomYJerry.\"tom y jerry\".\"tom quiere y puede comer\""}],"level":"info","message":"ðŸ§ª Test runner executed on f:/OBJETOS1/objetos1/2024s2-tomyjerry-RomaSof","result":{"failed":1,"ok":1},"timeElapsed":417,"timestamp":"2024-08-26T23:56:19.513Z"}
{"level":"info","message":"âŒ› Building environment","timeElapsed":119,"timestamp":"2024-08-26T23:56:44.454Z"}
{"failures":[{"error":["wollok.lib.AssertionException: Value was not false","  at tomYJerry.\"tom y jerry\".\"tom quiere y puede comer\" [tomYJerry.wtest:19]"],"test":"tomYJerry.\"tom y jerry\".\"tom quiere y puede comer\""}],"level":"info","message":"ðŸ§ª Test runner executed on f:/OBJETOS1/objetos1/2024s2-tomyjerry-RomaSof","result":{"failed":1,"ok":0},"timeElapsed":337,"timestamp":"2024-08-26T23:57:11.195Z"}
{"level":"info","message":"âŒ› Building environment","timeElapsed":107,"timestamp":"2024-08-26T23:59:01.081Z"}
{"level":"error","message":"âœ˜ Completions for node failed: Error: [Send]{af7d4e} at tomYJerry.wtest:25 exhausted all cases without a match [Send]{af7d4e} at tomYJerry.wtest:25 exhausted all cases without a match","stack":"Error: [Send]{af7d4e} at tomYJerry.wtest:25 exhausted all cases without a match\n    at c:\\Users\\publico\\.vscode\\extensions\\uqbar.wollok-lsp-ide-0.3.3\\node_modules\\wollok-ts\\dist\\extensions.js:85:11\n    at completionsForNode (c:\\Users\\publico\\.vscode\\extensions\\uqbar.wollok-lsp-ide-0.3.3\\server\\out\\functionalities\\autocomplete\\node-completion.js:10:44)\n    at c:\\Users\\publico\\.vscode\\extensions\\uqbar.wollok-lsp-ide-0.3.3\\server\\out\\functionalities\\autocomplete\\autocomplete.js:26:154\n    at c:\\Users\\publico\\.vscode\\extensions\\uqbar.wollok-lsp-ide-0.3.3\\server\\out\\server.js:198:20\n    at c:\\Users\\publico\\.vscode\\extensions\\uqbar.wollok-lsp-ide-0.3.3\\server\\node_modules\\vscode-languageserver\\lib\\common\\server.js:593:20\n    at handleRequest (c:\\Users\\publico\\.vscode\\extensions\\uqbar.wollok-lsp-ide-0.3.3\\server\\node_modules\\vscode-jsonrpc\\lib\\common\\connection.js:493:41)\n    at handleMessage (c:\\Users\\publico\\.vscode\\extensions\\uqbar.wollok-lsp-ide-0.3.3\\server\\node_modules\\vscode-jsonrpc\\lib\\common\\connection.js:339:13)\n    at processMessageQueue (c:\\Users\\publico\\.vscode\\extensions\\uqbar.wollok-lsp-ide-0.3.3\\server\\node_modules\\vscode-jsonrpc\\lib\\common\\connection.js:362:17)\n    at Immediate._onImmediate (c:\\Users\\publico\\.vscode\\extensions\\uqbar.wollok-lsp-ide-0.3.3\\server\\node_modules\\vscode-jsonrpc\\lib\\common\\connection.js:334:13)\n    at process.processImmediate (node:internal/timers:478:21)","timestamp":"2024-08-26T23:59:01.096Z"}
{"level":"info","message":"onRequest - completionItem/resolve","timestamp":"2024-08-26T23:59:01.186Z"}
{"level":"info","message":"onRequest - completionItem/resolve","timestamp":"2024-08-26T23:59:03.049Z"}
{"level":"info","message":"âŒ› Validating tomYJerry.wtest","timeElapsed":111,"timestamp":"2024-08-26T23:59:07.420Z"}
{"failures":[{"error":["wollok.lib.AssertionException: Value was not false","  at tomYJerry.\"tom y jerry\".\"tom quiere y puede comer\" [tomYJerry.wtest:19]"],"test":"tomYJerry.\"tom y jerry\".\"tom quiere y puede comer\""}],"level":"info","message":"ðŸ§ª Test runner executed on f:/OBJETOS1/objetos1/2024s2-tomyjerry-RomaSof","result":{"failed":1,"ok":0},"timeElapsed":323,"timestamp":"2024-08-26T23:59:17.852Z"}
{"failures":[{"error":["wollok.lib.AssertionException: Value was not false","  at tomYJerry.\"tom y jerry\".\"tom quiere y puede comer\" [tomYJerry.wtest:19]"],"test":"tomYJerry.\"tom y jerry\".\"tom quiere y puede comer\""}],"level":"info","message":"ðŸ§ª Test runner executed on f:/OBJETOS1/objetos1/2024s2-tomyjerry-RomaSof","result":{"failed":1,"ok":0},"timeElapsed":359,"timestamp":"2024-08-27T00:00:10.512Z"}
{"level":"info","message":"âŒ› Validating tomyjerry.wlk","timeElapsed":110,"timestamp":"2024-08-27T00:02:46.683Z"}
{"failures":[{"error":["wollok.lib.AssertionException: Value was not false","  at tomYJerry.\"tom y jerry\".\"tom quiere y puede comer\" [tomYJerry.wtest:19]"],"test":"tomYJerry.\"tom y jerry\".\"tom quiere y puede comer\""}],"level":"info","message":"ðŸ§ª Test runner executed on f:/OBJETOS1/objetos1/2024s2-tomyjerry-RomaSof","result":{"failed":1,"ok":0},"timeElapsed":338,"timestamp":"2024-08-27T00:04:14.569Z"}
{"level":"info","message":"âŒ› Building environment","timeElapsed":104,"timestamp":"2024-08-27T00:08:24.680Z"}
{"level":"info","message":"âŒ› Building environment","timeElapsed":107,"timestamp":"2024-08-27T00:08:25.588Z"}
{"level":"info","message":"âŒ› Building environment","timeElapsed":101,"timestamp":"2024-08-27T00:08:29.391Z"}
{"level":"info","message":"âŒ› Building environment","timeElapsed":102,"timestamp":"2024-08-27T00:08:31.349Z"}
{"failures":[],"level":"info","message":"ðŸ§ª Test runner executed on f:/OBJETOS1/objetos1/2024s2-tomyjerry-RomaSof","result":{"failed":0,"ok":1},"timeElapsed":347,"timestamp":"2024-08-27T00:08:37.199Z"}
{"failures":[],"level":"info","message":"ðŸ§ª Test runner executed on f:/OBJETOS1/objetos1/2024s2-tomyjerry-RomaSof","result":{"failed":0,"ok":1},"timeElapsed":304,"timestamp":"2024-08-27T00:08:44.443Z"}
{"level":"info","message":"âŒ› Building environment","timeElapsed":109,"timestamp":"2024-08-27T00:08:48.079Z"}
{"level":"info","message":"âŒ› Validating tomYJerry.wtest","timeElapsed":106,"timestamp":"2024-08-27T00:08:48.338Z"}
{"failures":[],"level":"info","message":"ðŸ§ª Test runner executed on f:/OBJETOS1/objetos1/2024s2-tomyjerry-RomaSof","result":{"failed":0,"ok":1},"timeElapsed":298,"timestamp":"2024-08-27T00:08:56.095Z"}
{"level":"info","message":"âŒ› Building environment","timeElapsed":139,"timestamp":"2024-08-27T00:09:14.928Z"}
{"level":"info","message":"âŒ› Validating tomYJerry.wtest","timeElapsed":101,"timestamp":"2024-08-27T00:09:15.030Z"}
{"failures":[{"error":["wollok.lib.AssertionException: Value was not false","  at tomYJerry.\"tom y jerry\".\"tom quiere y puede comer\" [tomYJerry.wtest:19]"],"test":"tomYJerry.\"tom y jerry\".\"tom quiere y puede comer\""}],"level":"info","message":"ðŸ§ª Test runner executed on f:/OBJETOS1/objetos1/2024s2-tomyjerry-RomaSof","result":{"failed":1,"ok":0},"timeElapsed":318,"timestamp":"2024-08-27T00:09:21.259Z"}
{"level":"error","message":"âœ˜ Failed to rebuild document Failed to parse tomyjerry.wlk: \n-- PARSING FAILED --------------------------------------------------\n\n  28 | \t  (energia self.energiaAlRecorrer(distancia)) < energia + 12 + raton.peso()\n  29 | \t}\n> 30 | }\n     | ^\n  31 | \n  32 | object jerry {\n\nExpected one of the following: \n\n'@', 'class', 'const', 'describe', 'mixin', 'object', 'only', 'package', 'program', 'test', 'var', '{', EOF, comment, not \"}\r\n\r\n\", whitespace\n","stack":"Error: Failed to parse tomyjerry.wlk: \n-- PARSING FAILED --------------------------------------------------\n\n  28 | \t  (energia self.energiaAlRecorrer(distancia)) < energia + 12 + raton.peso()\n  29 | \t}\n> 30 | }\n     | ^\n  31 | \n  32 | object jerry {\n\nExpected one of the following: \n\n'@', 'class', 'const', 'describe', 'mixin', 'object', 'only', 'package', 'program', 'test', 'var', '{', EOF, comment, not \"}\r\n\r\n\", whitespace\n\n    at c:\\Users\\publico\\.vscode\\extensions\\uqbar.wollok-lsp-ide-0.3.3\\node_modules\\wollok-ts\\dist\\index.js:54:19\n    at Array.map (<anonymous>)\n    at buildEnvironment (c:\\Users\\publico\\.vscode\\extensions\\uqbar.wollok-lsp-ide-0.3.3\\node_modules\\wollok-ts\\dist\\index.js:49:40)\n    at EnvironmentProvider.buildEnvironmentFrom (c:\\Users\\publico\\.vscode\\extensions\\uqbar.wollok-lsp-ide-0.3.3\\server\\out\\utils\\vm\\environment.js:29:66)\n    at EnvironmentProvider.updateEnvironmentWith (c:\\Users\\publico\\.vscode\\extensions\\uqbar.wollok-lsp-ide-0.3.3\\server\\out\\utils\\vm\\environment.js:19:37)\n    at rebuildTextDocument (c:\\Users\\publico\\.vscode\\extensions\\uqbar.wollok-lsp-ide-0.3.3\\server\\out\\server.js:102:29)\n    at CallbackList.invoke (c:\\Users\\publico\\.vscode\\extensions\\uqbar.wollok-lsp-ide-0.3.3\\server\\node_modules\\vscode-jsonrpc\\lib\\common\\events.js:55:39)\n    at Emitter.fire (c:\\Users\\publico\\.vscode\\extensions\\uqbar.wollok-lsp-ide-0.3.3\\server\\node_modules\\vscode-jsonrpc\\lib\\common\\events.js:117:36)\n    at c:\\Users\\publico\\.vscode\\extensions\\uqbar.wollok-lsp-ide-0.3.3\\server\\node_modules\\vscode-languageserver\\lib\\common\\textDocuments.js:138:42\n    at handleNotification (c:\\Users\\publico\\.vscode\\extensions\\uqbar.wollok-lsp-ide-0.3.3\\server\\node_modules\\vscode-jsonrpc\\lib\\common\\connection.js:640:25)","timestamp":"2024-08-27T00:14:45.280Z"}
{"level":"info","message":"âŒ› Validating tomyjerry.wlk","timeElapsed":104,"timestamp":"2024-08-27T00:14:45.764Z"}
{"failures":[],"level":"info","message":"ðŸ§ª Test runner executed on f:/OBJETOS1/objetos1/2024s2-tomyjerry-RomaSof","result":{"failed":0,"ok":1},"timeElapsed":298,"timestamp":"2024-08-27T00:15:30.326Z"}
{"level":"info","message":"onRequest - completionItem/resolve","timestamp":"2024-08-27T00:16:08.992Z"}
{"level":"info","message":"onRequest - completionItem/resolve","timestamp":"2024-08-27T00:16:09.142Z"}
{"level":"info","message":"onRequest - completionItem/resolve","timestamp":"2024-08-27T00:16:09.199Z"}
{"level":"info","message":"onRequest - completionItem/resolve","timestamp":"2024-08-27T00:16:09.289Z"}
{"level":"info","message":"onRequest - completionItem/resolve","timestamp":"2024-08-27T00:16:09.933Z"}
{"level":"info","message":"onRequest - completionItem/resolve","timestamp":"2024-08-27T00:16:11.112Z"}
{"level":"info","message":"onRequest - completionItem/resolve","timestamp":"2024-08-27T00:16:11.169Z"}
{"level":"info","message":"onRequest - completionItem/resolve","timestamp":"2024-08-27T00:16:11.389Z"}
{"level":"info","message":"âŒ› Validating tomyjerry.wlk","timeElapsed":118,"timestamp":"2024-08-27T00:16:15.161Z"}
{"level":"error","message":"âœ˜ Completions for node failed: Error: [Parameter]{9ea216} at tomyjerry.wlk:22 exhausted all cases without a match [Parameter]{9ea216} at tomyjerry.wlk:22 exhausted all cases without a match","stack":"Error: [Parameter]{9ea216} at tomyjerry.wlk:22 exhausted all cases without a match\n    at c:\\Users\\publico\\.vscode\\extensions\\uqbar.wollok-lsp-ide-0.3.3\\node_modules\\wollok-ts\\dist\\extensions.js:85:11\n    at completionsForNode (c:\\Users\\publico\\.vscode\\extensions\\uqbar.wollok-lsp-ide-0.3.3\\server\\out\\functionalities\\autocomplete\\node-completion.js:10:44)\n    at c:\\Users\\publico\\.vscode\\extensions\\uqbar.wollok-lsp-ide-0.3.3\\server\\out\\functionalities\\autocomplete\\autocomplete.js:26:154\n    at c:\\Users\\publico\\.vscode\\extensions\\uqbar.wollok-lsp-ide-0.3.3\\server\\out\\server.js:198:20\n    at c:\\Users\\publico\\.vscode\\extensions\\uqbar.wollok-lsp-ide-0.3.3\\server\\node_modules\\vscode-languageserver\\lib\\common\\server.js:593:20\n    at handleRequest (c:\\Users\\publico\\.vscode\\extensions\\uqbar.wollok-lsp-ide-0.3.3\\server\\node_modules\\vscode-jsonrpc\\lib\\common\\connection.js:493:41)\n    at handleMessage (c:\\Users\\publico\\.vscode\\extensions\\uqbar.wollok-lsp-ide-0.3.3\\server\\node_modules\\vscode-jsonrpc\\lib\\common\\connection.js:339:13)\n    at processMessageQueue (c:\\Users\\publico\\.vscode\\extensions\\uqbar.wollok-lsp-ide-0.3.3\\server\\node_modules\\vscode-jsonrpc\\lib\\common\\connection.js:362:17)\n    at Immediate._onImmediate (c:\\Users\\publico\\.vscode\\extensions\\uqbar.wollok-lsp-ide-0.3.3\\server\\node_modules\\vscode-jsonrpc\\lib\\common\\connection.js:334:13)\n    at process.processImmediate (node:internal/timers:478:21)","timestamp":"2024-08-27T00:16:16.248Z"}
{"level":"info","message":"onRequest - completionItem/resolve","timestamp":"2024-08-27T00:16:16.334Z"}
{"level":"error","message":"âœ˜ Completions for node failed: Error: [Parameter]{c4e942} at tomyjerry.wlk:22 exhausted all cases without a match [Parameter]{c4e942} at tomyjerry.wlk:22 exhausted all cases without a match","stack":"Error: [Parameter]{c4e942} at tomyjerry.wlk:22 exhausted all cases without a match\n    at c:\\Users\\publico\\.vscode\\extensions\\uqbar.wollok-lsp-ide-0.3.3\\node_modules\\wollok-ts\\dist\\extensions.js:85:11\n    at completionsForNode (c:\\Users\\publico\\.vscode\\extensions\\uqbar.wollok-lsp-ide-0.3.3\\server\\out\\functionalities\\autocomplete\\node-completion.js:10:44)\n    at c:\\Users\\publico\\.vscode\\extensions\\uqbar.wollok-lsp-ide-0.3.3\\server\\out\\functionalities\\autocomplete\\autocomplete.js:26:154\n    at c:\\Users\\publico\\.vscode\\extensions\\uqbar.wollok-lsp-ide-0.3.3\\server\\out\\server.js:198:20\n    at c:\\Users\\publico\\.vscode\\extensions\\uqbar.wollok-lsp-ide-0.3.3\\server\\node_modules\\vscode-languageserver\\lib\\common\\server.js:593:20\n    at handleRequest (c:\\Users\\publico\\.vscode\\extensions\\uqbar.wollok-lsp-ide-0.3.3\\server\\node_modules\\vscode-jsonrpc\\lib\\common\\connection.js:493:41)\n    at handleMessage (c:\\Users\\publico\\.vscode\\extensions\\uqbar.wollok-lsp-ide-0.3.3\\server\\node_modules\\vscode-jsonrpc\\lib\\common\\connection.js:339:13)\n    at processMessageQueue (c:\\Users\\publico\\.vscode\\extensions\\uqbar.wollok-lsp-ide-0.3.3\\server\\node_modules\\vscode-jsonrpc\\lib\\common\\connection.js:362:17)\n    at Immediate._onImmediate (c:\\Users\\publico\\.vscode\\extensions\\uqbar.wollok-lsp-ide-0.3.3\\server\\node_modules\\vscode-jsonrpc\\lib\\common\\connection.js:334:13)\n    at process.processImmediate (node:internal/timers:478:21)","timestamp":"2024-08-27T00:16:16.433Z"}
{"level":"info","message":"onRequest - completionItem/resolve","timestamp":"2024-08-27T00:16:16.529Z"}
{"level":"error","message":"âœ˜ Completions for node failed: Error: [Parameter]{e530af} at tomyjerry.wlk:22 exhausted all cases without a match [Parameter]{e530af} at tomyjerry.wlk:22 exhausted all cases without a match","stack":"Error: [Parameter]{e530af} at tomyjerry.wlk:22 exhausted all cases without a match\n    at c:\\Users\\publico\\.vscode\\extensions\\uqbar.wollok-lsp-ide-0.3.3\\node_modules\\wollok-ts\\dist\\extensions.js:85:11\n    at completionsForNode (c:\\Users\\publico\\.vscode\\extensions\\uqbar.wollok-lsp-ide-0.3.3\\server\\out\\functionalities\\autocomplete\\node-completion.js:10:44)\n    at c:\\Users\\publico\\.vscode\\extensions\\uqbar.wollok-lsp-ide-0.3.3\\server\\out\\functionalities\\autocomplete\\autocomplete.js:26:154\n    at c:\\Users\\publico\\.vscode\\extensions\\uqbar.wollok-lsp-ide-0.3.3\\server\\out\\server.js:198:20\n    at c:\\Users\\publico\\.vscode\\extensions\\uqbar.wollok-lsp-ide-0.3.3\\server\\node_modules\\vscode-languageserver\\lib\\common\\server.js:593:20\n    at handleRequest (c:\\Users\\publico\\.vscode\\extensions\\uqbar.wollok-lsp-ide-0.3.3\\server\\node_modules\\vscode-jsonrpc\\lib\\common\\connection.js:493:41)\n    at handleMessage (c:\\Users\\publico\\.vscode\\extensions\\uqbar.wollok-lsp-ide-0.3.3\\server\\node_modules\\vscode-jsonrpc\\lib\\common\\connection.js:339:13)\n    at processMessageQueue (c:\\Users\\publico\\.vscode\\extensions\\uqbar.wollok-lsp-ide-0.3.3\\server\\node_modules\\vscode-jsonrpc\\lib\\common\\connection.js:362:17)\n    at Immediate._onImmediate (c:\\Users\\publico\\.vscode\\extensions\\uqbar.wollok-lsp-ide-0.3.3\\server\\node_modules\\vscode-jsonrpc\\lib\\common\\connection.js:334:13)\n    at process.processImmediate (node:internal/timers:478:21)","timestamp":"2024-08-27T00:16:16.636Z"}
{"level":"info","message":"onRequest - completionItem/resolve","timestamp":"2024-08-27T00:16:16.721Z"}
{"level":"error","message":"âœ˜ Completions for node failed: Error: [Parameter]{a276b5} at tomyjerry.wlk:22 exhausted all cases without a match [Parameter]{a276b5} at tomyjerry.wlk:22 exhausted all cases without a match","stack":"Error: [Parameter]{a276b5} at tomyjerry.wlk:22 exhausted all cases without a match\n    at c:\\Users\\publico\\.vscode\\extensions\\uqbar.wollok-lsp-ide-0.3.3\\node_modules\\wollok-ts\\dist\\extensions.js:85:11\n    at completionsForNode (c:\\Users\\publico\\.vscode\\extensions\\uqbar.wollok-lsp-ide-0.3.3\\server\\out\\functionalities\\autocomplete\\node-completion.js:10:44)\n    at c:\\Users\\publico\\.vscode\\extensions\\uqbar.wollok-lsp-ide-0.3.3\\server\\out\\functionalities\\autocomplete\\autocomplete.js:26:154\n    at c:\\Users\\publico\\.vscode\\extensions\\uqbar.wollok-lsp-ide-0.3.3\\server\\out\\server.js:198:20\n    at c:\\Users\\publico\\.vscode\\extensions\\uqbar.wollok-lsp-ide-0.3.3\\server\\node_modules\\vscode-languageserver\\lib\\common\\server.js:593:20\n    at handleRequest (c:\\Users\\publico\\.vscode\\extensions\\uqbar.wollok-lsp-ide-0.3.3\\server\\node_modules\\vscode-jsonrpc\\lib\\common\\connection.js:493:41)\n    at handleMessage (c:\\Users\\publico\\.vscode\\extensions\\uqbar.wollok-lsp-ide-0.3.3\\server\\node_modules\\vscode-jsonrpc\\lib\\common\\connection.js:339:13)\n    at processMessageQueue (c:\\Users\\publico\\.vscode\\extensions\\uqbar.wollok-lsp-ide-0.3.3\\server\\node_modules\\vscode-jsonrpc\\lib\\common\\connection.js:362:17)\n    at Immediate._onImmediate (c:\\Users\\publico\\.vscode\\extensions\\uqbar.wollok-lsp-ide-0.3.3\\server\\node_modules\\vscode-jsonrpc\\lib\\common\\connection.js:334:13)\n    at process.processImmediate (node:internal/timers:478:21)","timestamp":"2024-08-27T00:16:16.944Z"}
{"level":"info","message":"onRequest - completionItem/resolve","timestamp":"2024-08-27T00:16:17.023Z"}
{"level":"error","message":"âœ˜ Completions for node failed: Error: [Parameter]{001f05} at tomyjerry.wlk:22 exhausted all cases without a match [Parameter]{001f05} at tomyjerry.wlk:22 exhausted all cases without a match","stack":"Error: [Parameter]{001f05} at tomyjerry.wlk:22 exhausted all cases without a match\n    at c:\\Users\\publico\\.vscode\\extensions\\uqbar.wollok-lsp-ide-0.3.3\\node_modules\\wollok-ts\\dist\\extensions.js:85:11\n    at completionsForNode (c:\\Users\\publico\\.vscode\\extensions\\uqbar.wollok-lsp-ide-0.3.3\\server\\out\\functionalities\\autocomplete\\node-completion.js:10:44)\n    at c:\\Users\\publico\\.vscode\\extensions\\uqbar.wollok-lsp-ide-0.3.3\\server\\out\\functionalities\\autocomplete\\autocomplete.js:26:154\n    at c:\\Users\\publico\\.vscode\\extensions\\uqbar.wollok-lsp-ide-0.3.3\\server\\out\\server.js:198:20\n    at c:\\Users\\publico\\.vscode\\extensions\\uqbar.wollok-lsp-ide-0.3.3\\server\\node_modules\\vscode-languageserver\\lib\\common\\server.js:593:20\n    at handleRequest (c:\\Users\\publico\\.vscode\\extensions\\uqbar.wollok-lsp-ide-0.3.3\\server\\node_modules\\vscode-jsonrpc\\lib\\common\\connection.js:493:41)\n    at handleMessage (c:\\Users\\publico\\.vscode\\extensions\\uqbar.wollok-lsp-ide-0.3.3\\server\\node_modules\\vscode-jsonrpc\\lib\\common\\connection.js:339:13)\n    at processMessageQueue (c:\\Users\\publico\\.vscode\\extensions\\uqbar.wollok-lsp-ide-0.3.3\\server\\node_modules\\vscode-jsonrpc\\lib\\common\\connection.js:362:17)\n    at Immediate._onImmediate (c:\\Users\\publico\\.vscode\\extensions\\uqbar.wollok-lsp-ide-0.3.3\\server\\node_modules\\vscode-jsonrpc\\lib\\common\\connection.js:334:13)\n    at process.processImmediate (node:internal/timers:478:21)","timestamp":"2024-08-27T00:16:17.095Z"}
{"level":"info","message":"onRequest - completionItem/resolve","timestamp":"2024-08-27T00:16:17.176Z"}
{"level":"info","message":"onRequest - completionItem/resolve","timestamp":"2024-08-27T00:16:18.825Z"}
{"level":"info","message":"âŒ› Building environment","timeElapsed":104,"timestamp":"2024-08-27T00:16:23.805Z"}
{"level":"info","message":"âŒ› Building environment","timeElapsed":103,"timestamp":"2024-08-27T00:16:49.710Z"}
{"level":"error","message":"âœ˜ Completions for node failed: Error: [Send]{2a4b5a} at tomyjerry.wlk:7 exhausted all cases without a match [Send]{2a4b5a} at tomyjerry.wlk:7 exhausted all cases without a match","stack":"Error: [Send]{2a4b5a} at tomyjerry.wlk:7 exhausted all cases without a match\n    at c:\\Users\\publico\\.vscode\\extensions\\uqbar.wollok-lsp-ide-0.3.3\\node_modules\\wollok-ts\\dist\\extensions.js:85:11\n    at completionsForNode (c:\\Users\\publico\\.vscode\\extensions\\uqbar.wollok-lsp-ide-0.3.3\\server\\out\\functionalities\\autocomplete\\node-completion.js:10:44)\n    at completeForParent (c:\\Users\\publico\\.vscode\\extensions\\uqbar.wollok-lsp-ide-0.3.3\\server\\out\\functionalities\\autocomplete\\node-completion.js:56:43)\n    at completeReference (c:\\Users\\publico\\.vscode\\extensions\\uqbar.wollok-lsp-ide-0.3.3\\server\\out\\functionalities\\autocomplete\\node-completion.js:64:135)\n    at c:\\Users\\publico\\.vscode\\extensions\\uqbar.wollok-lsp-ide-0.3.3\\node_modules\\wollok-ts\\dist\\extensions.js:84:20\n    at completionsForNode (c:\\Users\\publico\\.vscode\\extensions\\uqbar.wollok-lsp-ide-0.3.3\\server\\out\\functionalities\\autocomplete\\node-completion.js:10:44)\n    at c:\\Users\\publico\\.vscode\\extensions\\uqbar.wollok-lsp-ide-0.3.3\\server\\out\\functionalities\\autocomplete\\autocomplete.js:26:154\n    at c:\\Users\\publico\\.vscode\\extensions\\uqbar.wollok-lsp-ide-0.3.3\\server\\out\\server.js:198:20\n    at c:\\Users\\publico\\.vscode\\extensions\\uqbar.wollok-lsp-ide-0.3.3\\server\\node_modules\\vscode-languageserver\\lib\\common\\server.js:593:20\n    at handleRequest (c:\\Users\\publico\\.vscode\\extensions\\uqbar.wollok-lsp-ide-0.3.3\\server\\node_modules\\vscode-jsonrpc\\lib\\common\\connection.js:493:41)","timestamp":"2024-08-27T00:16:49.728Z"}
{"level":"error","message":"âœ˜ Completions for node failed: Error: [Assignment]{a7bf1f} at tomyjerry.wlk:7 exhausted all cases without a match [Assignment]{a7bf1f} at tomyjerry.wlk:7 exhausted all cases without a match","stack":"Error: [Assignment]{a7bf1f} at tomyjerry.wlk:7 exhausted all cases without a match\n    at c:\\Users\\publico\\.vscode\\extensions\\uqbar.wollok-lsp-ide-0.3.3\\node_modules\\wollok-ts\\dist\\extensions.js:85:11\n    at completionsForNode (c:\\Users\\publico\\.vscode\\extensions\\uqbar.wollok-lsp-ide-0.3.3\\server\\out\\functionalities\\autocomplete\\node-completion.js:10:44)\n    at completeForParent (c:\\Users\\publico\\.vscode\\extensions\\uqbar.wollok-lsp-ide-0.3.3\\server\\out\\functionalities\\autocomplete\\node-completion.js:56:43)\n    at completionsForNode (c:\\Users\\publico\\.vscode\\extensions\\uqbar.wollok-lsp-ide-0.3.3\\server\\out\\functionalities\\autocomplete\\node-completion.js:14:46)\n    at completeForParent (c:\\Users\\publico\\.vscode\\extensions\\uqbar.wollok-lsp-ide-0.3.3\\server\\out\\functionalities\\autocomplete\\node-completion.js:56:43)\n    at completeReference (c:\\Users\\publico\\.vscode\\extensions\\uqbar.wollok-lsp-ide-0.3.3\\server\\out\\functionalities\\autocomplete\\node-completion.js:64:135)\n    at c:\\Users\\publico\\.vscode\\extensions\\uqbar.wollok-lsp-ide-0.3.3\\node_modules\\wollok-ts\\dist\\extensions.js:84:20\n    at completionsForNode (c:\\Users\\publico\\.vscode\\extensions\\uqbar.wollok-lsp-ide-0.3.3\\server\\out\\functionalities\\autocomplete\\node-completion.js:10:44)\n    at c:\\Users\\publico\\.vscode\\extensions\\uqbar.wollok-lsp-ide-0.3.3\\server\\out\\functionalities\\autocomplete\\autocomplete.js:26:154\n    at c:\\Users\\publico\\.vscode\\extensions\\uqbar.wollok-lsp-ide-0.3.3\\server\\out\\server.js:198:20","timestamp":"2024-08-27T00:16:49.728Z"}
{"level":"info","message":"âŒ› Validating tomyjerry.wlk","timeElapsed":124,"timestamp":"2024-08-27T00:16:49.853Z"}
{"level":"info","message":"onRequest - completionItem/resolve","timestamp":"2024-08-27T00:16:49.854Z"}
{"level":"info","message":"onRequest - completionItem/resolve","timestamp":"2024-08-27T00:16:49.910Z"}
{"level":"info","message":"onRequest - completionItem/resolve","timestamp":"2024-08-27T00:16:50.071Z"}
{"level":"info","message":"âŒ› Building environment","timeElapsed":105,"timestamp":"2024-08-27T00:16:50.918Z"}
{"level":"info","message":"onRequest - completionItem/resolve","timestamp":"2024-08-27T00:16:50.918Z"}
{"level":"info","message":"onRequest - completionItem/resolve","timestamp":"2024-08-27T00:16:52.506Z"}
{"level":"info","message":"âŒ› Building environment","timeElapsed":109,"timestamp":"2024-08-27T00:16:53.177Z"}
{"level":"info","message":"âŒ› Building environment","timeElapsed":115,"timestamp":"2024-08-27T00:17:16.189Z"}
{"level":"info","message":"âŒ› Building environment","timeElapsed":102,"timestamp":"2024-08-27T00:17:18.432Z"}
{"level":"info","message":"âŒ› Building environment","timeElapsed":108,"timestamp":"2024-08-27T00:17:18.974Z"}
{"level":"info","message":"âŒ› Building environment","timeElapsed":110,"timestamp":"2024-08-27T00:17:19.545Z"}
{"failures":[],"level":"info","message":"ðŸ§ª Test runner executed on f:/OBJETOS1/objetos1/2024s2-tomyjerry-RomaSof","result":{"failed":0,"ok":1},"timeElapsed":306,"timestamp":"2024-08-27T00:17:25.778Z"}
{"level":"info","message":"âŒ› Building environment","timeElapsed":142,"timestamp":"2024-08-27T00:19:25.529Z"}
{"level":"info","message":"âŒ› Validating tomYJerry.wtest","timeElapsed":116,"timestamp":"2024-08-27T00:19:25.647Z"}
{"level":"info","message":"onRequest - WORKSPACE_URI:file:///d%3A/OBJETOS1/objetos1/2024s2-tomyjerry-RomaSof","timestamp":"2024-08-27T01:57:14.740Z"}
